0 info it worked if it ends with ok
1 verbose cli [ 'node',
1 verbose cli   '/usr/local/bin/npm',
1 verbose cli   'install',
1 verbose cli   'grunt-write-bower-json',
1 verbose cli   '--save-dev' ]
2 info using npm@2.0.2
3 info using node@v0.10.31
4 verbose stack Error: Invalid version: "0.1"
4 verbose stack     at Object.module.exports.fixVersionField (/usr/local/lib/node_modules/npm/node_modules/normalize-package-data/lib/fixer.js:183:13)
4 verbose stack     at /usr/local/lib/node_modules/npm/node_modules/normalize-package-data/lib/normalize.js:30:38
4 verbose stack     at Array.forEach (native)
4 verbose stack     at normalize (/usr/local/lib/node_modules/npm/node_modules/normalize-package-data/lib/normalize.js:29:15)
4 verbose stack     at final (/usr/local/lib/node_modules/npm/node_modules/read-package-json/read-json.js:342:33)
4 verbose stack     at then (/usr/local/lib/node_modules/npm/node_modules/read-package-json/read-json.js:126:33)
4 verbose stack     at /usr/local/lib/node_modules/npm/node_modules/read-package-json/read-json.js:328:57
4 verbose stack     at evalmachine.<anonymous>:207:20
4 verbose stack     at OpenReq.Req.done (/usr/local/lib/node_modules/npm/node_modules/graceful-fs/graceful-fs.js:141:5)
4 verbose stack     at OpenReq.done (/usr/local/lib/node_modules/npm/node_modules/graceful-fs/graceful-fs.js:61:22)
5 verbose cwd /Users/leandro/Code/open_source/fi-text
6 error Darwin 14.0.0
7 error argv "node" "/usr/local/bin/npm" "install" "grunt-write-bower-json" "--save-dev"
8 error node v0.10.31
9 error npm  v2.0.2
10 error Invalid version: "0.1"
11 error If you need help, you may report this error at:
11 error     <http://github.com/npm/npm/issues>
12 verbose exit [ 1, true ]
